<?xml version="1.0" encoding="UTF-8"?>
<!-- Generated by org.testng.reporters.JUnitXMLReporter -->
<testsuite ignored="6" hostname="DESKTOP-5A457IG" failures="1" tests="16" name="all_tests" time="115.349" errors="0" timestamp="2021-12-20T04:19:04 EET">
  <testcase classname="tests.AuthenticationTest" name="loginToHomePage" time="0.294"/>
  <testcase classname="tests.AuthenticationTest" name="addNewAdminPage" time="4.985"/>
  <testcase classname="tests.AddAdminFormTest" name="FillNewAdminForm" time="7.719"/>
  <testcase classname="tests.AddAdminFormTest" name="ValidateNewAdminAdded" time="0.015"/>
  <testcase classname="tests.AddAdminFormTest" name="EditAdminInfo" time="13.581"/>
  <testcase classname="tests.AddAdminFormTest" name="RevalidateNewAdminAdded" time="0.014"/>
  <testcase classname="tests.AddAdminFormTest" name="logout" time="1.35"/>
  <testcase classname="tests.NewAdminFuncTest" name="loginNewAdminToHomePage" time="0.226"/>
  <testcase classname="tests.NewAdminFuncTest" name="validateHotelsMenuFound" time="1.359"/>
  <testcase classname="tests.NewAdminFuncTest" name="addNewHotelPage" time="7.106"/>
  <testcase classname="tests.AddHotelFormTest" name="FillNewHotelForm" time="40.017"/>
  <testcase classname="tests.AddHotelFormTest" name="ValidateNewHotelAdded" time="0.026"/>
  <testcase classname="tests.AddHotelFormTest" name="EditHotelInfo" time="17.316"/>
  <testcase classname="tests.AddHotelFormTest" name="RevalidateNewHotelAdded" time="0.092"/>
  <testcase classname="tests.AddHotelFormTest" name="TestRemoveisNotPossible" time="10.502">
    <failure type="java.lang.AssertionError" message="bug: Hotel is wrongly removed while no remove permission granted expected [true] but found [false]">
      <![CDATA[java.lang.AssertionError: bug: Hotel is wrongly removed while no remove permission granted expected [true] but found [false]
at tests.AddHotelFormTest.TestRemoveisNotPossible(AddHotelFormTest.java:84)
at java.base/java.util.ArrayList.forEach(ArrayList.java:1511)
at com.intellij.rt.testng.IDEARemoteTestNG.run(IDEARemoteTestNG.java:66)
at com.intellij.rt.testng.RemoteTestNGStarter.main(RemoteTestNGStarter.java:109)
... Removed 27 stack frames]]>
    </failure>
  </testcase> <!-- TestRemoveisNotPossible -->
  <testcase classname="tests.AddHotelFormTest" name="logout" time="10.688"/>
  <testcase classname="tests.InitialTest" name="@AfterSuite stopDriver" time="0.0">
    <ignored/>
  </testcase> <!-- @AfterSuite stopDriver -->
  <testcase classname="tests.InitialTest" name="@AfterSuite stopDriver" time="0.0">
    <ignored/>
  </testcase> <!-- @AfterSuite stopDriver -->
  <testcase classname="tests.InitialTest" name="@AfterSuite stopDriver" time="0.0">
    <ignored/>
  </testcase> <!-- @AfterSuite stopDriver -->
  <testcase classname="tests.InitialTest" name="@BeforeSuite startDriver" time="0.0">
    <ignored/>
  </testcase> <!-- @BeforeSuite startDriver -->
  <testcase classname="tests.InitialTest" name="@BeforeSuite startDriver" time="0.0">
    <ignored/>
  </testcase> <!-- @BeforeSuite startDriver -->
  <testcase classname="tests.InitialTest" name="@BeforeSuite startDriver" time="0.0">
    <ignored/>
  </testcase> <!-- @BeforeSuite startDriver -->
</testsuite> <!-- all_tests -->
