<?xml version="1.0" encoding="UTF-8"?>
<testng-results ignored="6" total="22" passed="15" failed="1" skipped="0">
  <reporter-output>
  </reporter-output>
  <suite started-at="2021-12-20T04:17:09 EET" name="Testing Suite" finished-at="2021-12-20T04:19:04 EET" duration-ms="115349">
    <groups>
    </groups>
    <test started-at="2021-12-20T04:17:09 EET" name="all_tests" finished-at="2021-12-20T04:19:04 EET" duration-ms="115349">
      <class name="tests.AuthenticationTest">
        <test-method is-config="true" signature="startDriver(java.lang.String)[pri:0, instance:tests.AuthenticationTest@2ce47652]" started-at="2021-12-20T04:17:05 EET" name="startDriver" finished-at="2021-12-20T04:17:09 EET" duration-ms="4441" status="PASS">
          <params>
            <param index="0">
              <value>
                <![CDATA[chrome]]>
              </value>
            </param>
          </params>
          <reporter-output>
          </reporter-output>
        </test-method> <!-- startDriver -->
        <test-method signature="loginToHomePage()[pri:1, instance:tests.AuthenticationTest@2ce47652]" started-at="2021-12-20T04:17:09 EET" name="loginToHomePage" finished-at="2021-12-20T04:17:09 EET" duration-ms="294" status="PASS">
          <reporter-output>
          </reporter-output>
        </test-method> <!-- loginToHomePage -->
        <test-method signature="addNewAdminPage()[pri:0, instance:tests.AuthenticationTest@2ce47652]" started-at="2021-12-20T04:17:09 EET" name="addNewAdminPage" finished-at="2021-12-20T04:17:14 EET" depends-on-methods="tests.AuthenticationTest.loginToHomePage" duration-ms="4985" status="PASS">
          <reporter-output>
          </reporter-output>
        </test-method> <!-- addNewAdminPage -->
        <test-method is-config="true" signature="stopDriver()[pri:0, instance:tests.AuthenticationTest@2ce47652]" started-at="2021-12-20T04:19:05 EET" name="stopDriver" finished-at="2021-12-20T04:19:06 EET" duration-ms="950" status="PASS">
          <reporter-output>
          </reporter-output>
        </test-method> <!-- stopDriver -->
      </class> <!-- tests.AuthenticationTest -->
      <class name="tests.NewAdminFuncTest">
        <test-method signature="loginNewAdminToHomePage()[pri:0, instance:tests.NewAdminFuncTest@2a42019a]" started-at="2021-12-20T04:17:37 EET" name="loginNewAdminToHomePage" finished-at="2021-12-20T04:17:37 EET" duration-ms="226" status="PASS">
          <reporter-output>
          </reporter-output>
        </test-method> <!-- loginNewAdminToHomePage -->
        <test-method signature="validateHotelsMenuFound()[pri:0, instance:tests.NewAdminFuncTest@2a42019a]" started-at="2021-12-20T04:17:37 EET" name="validateHotelsMenuFound" finished-at="2021-12-20T04:17:39 EET" depends-on-methods="tests.NewAdminFuncTest.loginNewAdminToHomePage" duration-ms="1359" status="PASS">
          <reporter-output>
          </reporter-output>
        </test-method> <!-- validateHotelsMenuFound -->
        <test-method signature="addNewHotelPage()[pri:0, instance:tests.NewAdminFuncTest@2a42019a]" started-at="2021-12-20T04:17:39 EET" name="addNewHotelPage" finished-at="2021-12-20T04:17:46 EET" depends-on-methods="tests.NewAdminFuncTest.validateHotelsMenuFound" duration-ms="7106" status="PASS">
          <reporter-output>
          </reporter-output>
        </test-method> <!-- addNewHotelPage -->
      </class> <!-- tests.NewAdminFuncTest -->
      <class name="tests.AddAdminFormTest">
        <test-method signature="FillNewAdminForm()[pri:0, instance:tests.AddAdminFormTest@65d90b7f]" started-at="2021-12-20T04:17:14 EET" name="FillNewAdminForm" finished-at="2021-12-20T04:17:22 EET" duration-ms="7719" status="PASS">
          <reporter-output>
          </reporter-output>
        </test-method> <!-- FillNewAdminForm -->
        <test-method signature="ValidateNewAdminAdded()[pri:0, instance:tests.AddAdminFormTest@65d90b7f]" started-at="2021-12-20T04:17:22 EET" name="ValidateNewAdminAdded" finished-at="2021-12-20T04:17:22 EET" depends-on-methods="tests.AddAdminFormTest.FillNewAdminForm" duration-ms="15" status="PASS">
          <reporter-output>
          </reporter-output>
        </test-method> <!-- ValidateNewAdminAdded -->
        <test-method signature="EditAdminInfo()[pri:0, instance:tests.AddAdminFormTest@65d90b7f]" started-at="2021-12-20T04:17:22 EET" name="EditAdminInfo" finished-at="2021-12-20T04:17:36 EET" depends-on-methods="tests.AddAdminFormTest.ValidateNewAdminAdded" duration-ms="13581" status="PASS">
          <reporter-output>
          </reporter-output>
        </test-method> <!-- EditAdminInfo -->
        <test-method signature="RevalidateNewAdminAdded()[pri:0, instance:tests.AddAdminFormTest@65d90b7f]" started-at="2021-12-20T04:17:36 EET" name="RevalidateNewAdminAdded" finished-at="2021-12-20T04:17:36 EET" depends-on-methods="tests.AddAdminFormTest.EditAdminInfo" duration-ms="14" status="PASS">
          <reporter-output>
          </reporter-output>
        </test-method> <!-- RevalidateNewAdminAdded -->
        <test-method signature="logout()[pri:0, instance:tests.AddAdminFormTest@65d90b7f]" started-at="2021-12-20T04:17:36 EET" name="logout" finished-at="2021-12-20T04:17:37 EET" depends-on-methods="tests.AddAdminFormTest.RevalidateNewAdminAdded" duration-ms="1350" status="PASS">
          <reporter-output>
          </reporter-output>
        </test-method> <!-- logout -->
      </class> <!-- tests.AddAdminFormTest -->
      <class name="tests.AddHotelFormTest">
        <test-method signature="FillNewHotelForm()[pri:0, instance:tests.AddHotelFormTest@6fc0e448]" started-at="2021-12-20T04:17:46 EET" name="FillNewHotelForm" finished-at="2021-12-20T04:18:26 EET" duration-ms="40017" status="PASS">
          <reporter-output>
          </reporter-output>
        </test-method> <!-- FillNewHotelForm -->
        <test-method signature="ValidateNewHotelAdded()[pri:0, instance:tests.AddHotelFormTest@6fc0e448]" started-at="2021-12-20T04:18:26 EET" name="ValidateNewHotelAdded" finished-at="2021-12-20T04:18:26 EET" depends-on-methods="tests.AddHotelFormTest.FillNewHotelForm" duration-ms="26" status="PASS">
          <reporter-output>
          </reporter-output>
        </test-method> <!-- ValidateNewHotelAdded -->
        <test-method signature="EditHotelInfo()[pri:0, instance:tests.AddHotelFormTest@6fc0e448]" started-at="2021-12-20T04:18:26 EET" name="EditHotelInfo" finished-at="2021-12-20T04:18:43 EET" depends-on-methods="tests.AddHotelFormTest.ValidateNewHotelAdded" duration-ms="17316" status="PASS">
          <reporter-output>
          </reporter-output>
        </test-method> <!-- EditHotelInfo -->
        <test-method signature="RevalidateNewHotelAdded()[pri:0, instance:tests.AddHotelFormTest@6fc0e448]" started-at="2021-12-20T04:18:43 EET" name="RevalidateNewHotelAdded" finished-at="2021-12-20T04:18:43 EET" depends-on-methods="tests.AddHotelFormTest.EditHotelInfo" duration-ms="92" status="PASS">
          <reporter-output>
          </reporter-output>
        </test-method> <!-- RevalidateNewHotelAdded -->
        <test-method signature="TestRemoveisNotPossible()[pri:0, instance:tests.AddHotelFormTest@6fc0e448]" started-at="2021-12-20T04:18:43 EET" name="TestRemoveisNotPossible" finished-at="2021-12-20T04:18:54 EET" depends-on-methods="tests.AddHotelFormTest.RevalidateNewHotelAdded" duration-ms="10502" status="FAIL">
          <exception class="java.lang.AssertionError">
            <message>
              <![CDATA[bug: Hotel is wrongly removed while no remove permission granted expected [true] but found [false]]]>
            </message>
            <full-stacktrace>
              <![CDATA[java.lang.AssertionError: bug: Hotel is wrongly removed while no remove permission granted expected [true] but found [false]
at org.testng.Assert.fail(Assert.java:99)
at org.testng.Assert.failNotEquals(Assert.java:1037)
at org.testng.Assert.assertTrue(Assert.java:45)
at tests.AddHotelFormTest.TestRemoveisNotPossible(AddHotelFormTest.java:84)
at java.base/jdk.internal.reflect.NativeMethodAccessorImpl.invoke0(Native Method)
at java.base/jdk.internal.reflect.NativeMethodAccessorImpl.invoke(NativeMethodAccessorImpl.java:77)
at java.base/jdk.internal.reflect.DelegatingMethodAccessorImpl.invoke(DelegatingMethodAccessorImpl.java:43)
at java.base/java.lang.reflect.Method.invoke(Method.java:568)
at org.testng.internal.MethodInvocationHelper.invokeMethod(MethodInvocationHelper.java:132)
at org.testng.internal.TestInvoker.invokeMethod(TestInvoker.java:599)
at org.testng.internal.TestInvoker.invokeTestMethod(TestInvoker.java:174)
at org.testng.internal.MethodRunner.runInSequence(MethodRunner.java:46)
at org.testng.internal.TestInvoker$MethodInvocationAgent.invoke(TestInvoker.java:822)
at org.testng.internal.TestInvoker.invokeTestMethods(TestInvoker.java:147)
at org.testng.internal.TestMethodWorker.invokeTestMethods(TestMethodWorker.java:146)
at org.testng.internal.TestMethodWorker.run(TestMethodWorker.java:128)
at java.base/java.util.ArrayList.forEach(ArrayList.java:1511)
at org.testng.TestRunner.privateRun(TestRunner.java:764)
at org.testng.TestRunner.run(TestRunner.java:585)
at org.testng.SuiteRunner.runTest(SuiteRunner.java:384)
at org.testng.SuiteRunner.runSequentially(SuiteRunner.java:378)
at org.testng.SuiteRunner.privateRun(SuiteRunner.java:337)
at org.testng.SuiteRunner.run(SuiteRunner.java:286)
at org.testng.SuiteRunnerWorker.runSuite(SuiteRunnerWorker.java:53)
at org.testng.SuiteRunnerWorker.run(SuiteRunnerWorker.java:96)
at org.testng.TestNG.runSuitesSequentially(TestNG.java:1218)
at org.testng.TestNG.runSuitesLocally(TestNG.java:1140)
at org.testng.TestNG.runSuites(TestNG.java:1069)
at org.testng.TestNG.run(TestNG.java:1037)
at com.intellij.rt.testng.IDEARemoteTestNG.run(IDEARemoteTestNG.java:66)
at com.intellij.rt.testng.RemoteTestNGStarter.main(RemoteTestNGStarter.java:109)
]]>
            </full-stacktrace>
          </exception> <!-- java.lang.AssertionError -->
          <reporter-output>
          </reporter-output>
        </test-method> <!-- TestRemoveisNotPossible -->
        <test-method signature="logout()[pri:0, instance:tests.AddHotelFormTest@6fc0e448]" started-at="2021-12-20T04:18:54 EET" name="logout" finished-at="2021-12-20T04:19:04 EET" duration-ms="10688" status="PASS">
          <reporter-output>
          </reporter-output>
        </test-method> <!-- logout -->
      </class> <!-- tests.AddHotelFormTest -->
    </test> <!-- all_tests -->
  </suite> <!-- Testing Suite -->
</testng-results>
